<?xml version="1.0" encoding="UTF-8"?>
<!-- Generated by org.testng.reporters.JUnitReportReporter -->
<testsuite hostname="MacBook-Pro-de-Jose.local" failures="0" tests="10" name="exercise4.Exercise4" time="243.539" errors="0" timestamp="2022-03-18T04:59:32 CST" skipped="0">
  <testcase classname="exercise4.Exercise4" name="tc_REQ008_001" time="22.181"/>
  <system-out/>
  <testcase classname="exercise4.Exercise4" name="tc_REQ011_001" time="43.462"/>
  <system-out/>
  <testcase classname="exercise4.Exercise4" name="tc_REQ003_001" time="16.991"/>
  <system-out/>
  <testcase classname="exercise4.Exercise4" name="tc_REQ007_003" time="22.179"/>
  <system-out/>
  <testcase classname="exercise4.Exercise4" name="tc_REQ009_001" time="24.538"/>
  <system-out/>
  <testcase classname="exercise4.Exercise4" name="tc_REQ007_002" time="13.653"/>
  <system-out/>
  <testcase classname="exercise4.Exercise4" name="tc_REQ010_001" time="20.851"/>
  <system-out/>
  <testcase classname="exercise4.Exercise4" name="tc_REQ005_001" time="38.923"/>
  <system-out/>
  <testcase classname="exercise4.Exercise4" name="tc_REQ001_001" time="19.565"/>
  <system-out/>
  <testcase classname="exercise4.Exercise4" name="tc_REQ007_001" time="21.196"/>
  <system-out/>
</testsuite> <!-- exercise4.Exercise4 -->
